<?xml version="1.0" encoding="UTF-8"?>
<!-- Generated by org.testng.reporters.JUnitXMLReporter -->
<testsuite ignored="0" hostname="DESKTOP-ACLM5L8" failures="0" tests="3" name="Default test" time="21.523" errors="0" timestamp="18 Sep 2024 05:10:07 GMT">
  <testcase classname="org.execution.TestScript" name="homePageValidation" time="5.163"/>
  <testcase classname="org.execution.TestScript" name="kurtiSetPageValidation" time="7.946"/>
  <testcase classname="org.execution.TestScript" name="logout" time="1.99"/>
</testsuite> <!-- Default test -->
