<?xml version="1.0" encoding="UTF-8"?>
<!-- Generated by org.testng.reporters.JUnitXMLReporter -->
<testsuite ignored="0" hostname="DESKTOP-ACLM5L8" failures="0" tests="3" name="Test" time="42.19" errors="0" timestamp="18 Sep 2024 05:12:32 GMT">
  <testcase classname="org.execution.TestScript" name="homePageValidation" time="5.831"/>
  <testcase classname="org.execution.TestScript" name="kurtiSetPageValidation" time="7.874"/>
  <testcase classname="org.execution.TestScript" name="logout" time="2.093"/>
</testsuite> <!-- Test -->
