<?xml version="1.0" encoding="UTF-8"?>
<testng-results ignored="0" total="3" passed="3" failed="0" skipped="0">
  <reporter-output>
  </reporter-output>
  <suite started-at="2024-09-18T05:11:49Z" name="Suite" finished-at="2024-09-18T05:12:32Z" duration-ms="42190">
    <groups>
    </groups>
    <test started-at="2024-09-18T05:11:49Z" name="Test" finished-at="2024-09-18T05:12:32Z" duration-ms="42190">
      <class name="org.execution.TestScript">
        <test-method is-config="true" signature="beforeTest()[pri:0, instance:org.execution.TestScript@65045a87]" started-at="2024-09-18T05:11:49Z" name="beforeTest" finished-at="2024-09-18T05:11:50Z" duration-ms="215" status="PASS">
          <reporter-output>
          </reporter-output>
        </test-method> <!-- beforeTest -->
        <test-method is-config="true" signature="browserLaunch(java.lang.String, java.lang.String)[pri:0, instance:org.execution.TestScript@65045a87]" started-at="2024-09-18T05:11:50Z" name="browserLaunch" finished-at="2024-09-18T05:12:15Z" duration-ms="25074" status="PASS">
          <params>
            <param index="0">
              <value>
                <![CDATA[Chrome]]>
              </value>
            </param>
            <param index="1">
              <value>
                <![CDATA[https://www.snapdeal.com/]]>
              </value>
            </param>
          </params>
          <reporter-output>
          </reporter-output>
        </test-method> <!-- browserLaunch -->
        <test-method signature="homePageValidation()[pri:2, instance:org.execution.TestScript@65045a87]" started-at="2024-09-18T05:12:15Z" name="homePageValidation" finished-at="2024-09-18T05:12:21Z" duration-ms="5831" status="PASS">
          <reporter-output>
          </reporter-output>
        </test-method> <!-- homePageValidation -->
        <test-method signature="kurtiSetPageValidation()[pri:3, instance:org.execution.TestScript@65045a87]" started-at="2024-09-18T05:12:21Z" name="kurtiSetPageValidation" finished-at="2024-09-18T05:12:28Z" duration-ms="7874" status="PASS">
          <reporter-output>
          </reporter-output>
        </test-method> <!-- kurtiSetPageValidation -->
        <test-method signature="logout()[pri:4, instance:org.execution.TestScript@65045a87]" started-at="2024-09-18T05:12:29Z" name="logout" finished-at="2024-09-18T05:12:31Z" duration-ms="2093" status="PASS">
          <reporter-output>
          </reporter-output>
        </test-method> <!-- logout -->
        <test-method is-config="true" signature="afterTest()[pri:0, instance:org.execution.TestScript@65045a87]" started-at="2024-09-18T05:12:31Z" name="afterTest" finished-at="2024-09-18T05:12:32Z" duration-ms="1042" status="PASS">
          <reporter-output>
          </reporter-output>
        </test-method> <!-- afterTest -->
      </class> <!-- org.execution.TestScript -->
    </test> <!-- Test -->
  </suite> <!-- Suite -->
</testng-results>
